<?xml version="1.0" encoding="UTF-8"?>
<testsuite name="com.maximbircu.sharedlibrary.PipelineStepsTest" tests="4" skipped="0" failures="0" errors="0" timestamp="2021-11-29T13:50:43" hostname="mbircu-mlt.local" time="0.61">
  <properties/>
  <testcase name="runs the test gradle task" classname="com.maximbircu.sharedlibrary.PipelineStepsTest" time="0.596"/>
  <testcase name="cleans the workspace" classname="com.maximbircu.sharedlibrary.PipelineStepsTest" time="0.004"/>
  <testcase name="runs the assemble gradle task" classname="com.maximbircu.sharedlibrary.PipelineStepsTest" time="0.005"/>
  <testcase name="runs the clean gradle task" classname="com.maximbircu.sharedlibrary.PipelineStepsTest" time="0.005"/>
  <system-out><![CDATA[]]></system-out>
  <system-err><![CDATA[]]></system-err>
</testsuite>
